<?xml version="1.0" encoding="UTF-8"?>
<!-- Generated by org.testng.reporters.JUnitReportReporter -->
<testsuite skipped="0" hostname="Rahuls-MacBook-Pro.local" name="Demo.demo.FirefoxTest" tests="1" failures="0" timestamp="31 Mar 2019 01:02:16 GMT" time="4.627" errors="0">
  <testcase name="FFTest" time="4.627" classname="Demo.demo.FirefoxTest"/>
</testsuite> <!-- Demo.demo.FirefoxTest -->
