<?xml version="1.0" encoding="UTF-8"?>
<!-- Generated by org.testng.reporters.JUnitReportReporter -->
<testsuite skipped="0" hostname="Rahuls-MacBook-Pro.local" name="Demo.demo.AppTest" tests="1" failures="0" timestamp="31 Mar 2019 02:05:02 GMT" time="0.000" errors="0">
  <testcase name="testApp" time="0.000" classname="Demo.demo.AppTest"/>
</testsuite> <!-- Demo.demo.AppTest -->
