<?xml version="1.0" encoding="UTF-8"?>
<!-- Generated by org.testng.reporters.JUnitReportReporter -->
<testsuite skipped="0" hostname="Rahuls-MacBook-Pro.local" name="Demo.demo.FirefoxTest" tests="1" failures="0" timestamp="31 Mar 2019 02:17:20 GMT" time="5.590" errors="0">
  <testcase name="FFTest" time="5.590" classname="Demo.demo.FirefoxTest"/>
</testsuite> <!-- Demo.demo.FirefoxTest -->
